Arguments: 
  C:\Program Files\nodejs\node.exe C:\Users\Mayqueling\.node\corepack\yarn\1.22.15\bin\yarn.js add react-router-dom

PATH: 
  C:\Program Files\Python310\Scripts\;C:\Program Files\Python310\;C:\Program Files\Java\jdk1.8.0_261\bin;C:\Program Files (x86)\Common Files\Oracle\Java\javapath;C:\app\Mayqueling\product\21c\dbhomeXE\bin;C:\Users\Mayqueling\Downloads\WINDOWS.X4_213000_grid_home\bin;C:\Users\Mayqueling\Downloads\Oracle\bin;C:\Program Files\Microsoft MPI\Bin\;C:\Program Files\Rockwell Software\RSCommon;C:\Windows\system32;C:\Windows;C:\Windows\System32\Wbem;C:\Program Files\Java\jdk1.8.0_261\bin;C:\Windows\System32\WindowsPowerShell\v1.0\;C:\Windows\System32\OpenSSH\;C:\Program Files\Microsoft SQL Server\Client SDK\ODBC\130\Tools\Binn\;C:\Program Files (x86)\Microsoft SQL Server\140\Tools\Binn\;C:\Program Files\Microsoft SQL Server\140\Tools\Binn\;C:\Program Files\Microsoft SQL Server\140\DTS\Binn\;C:\Program Files\Microsoft SQL Server\Client SDK\ODBC\170\Tools\Binn\;C:\Program Files (x86)\Microsoft SQL Server\150\DTS\Binn\;C:\Program Files\Microsoft SQL Server\150\DTS\Binn\;C:\Program Files (x86)\Microsoft SQL Server\150\Tools\Binn\;C:\Program Files\Microsoft SQL Server\150\Tools\Binn\;C:\WINDOWS\system32;C:\WINDOWS;C:\WINDOWS\System32\Wbem;C:\WINDOWS\System32\WindowsPowerShell\v1.0\;C:\WINDOWS\System32\OpenSSH\;C:\Program Files\PuTTY\;C:\xampp\php;C:\Program Files\Docker\Docker\resources\bin;C:\ProgramData\DockerDesktop\version-bin;C:\Program Files\dotnet\;C:\Program Files\Git\cmd;%NVM_HOME%;%NVM_SYMLINK%;C:\Program Files\Java\jdk1.8.0_261\bin;C:\Users\Mayqueling\AppData\Local\Programs\Python\Python36-32\Scripts\;C:\Users\Mayqueling\AppData\Local\Programs\Python\Python36-32\;C:\Users\Mayqueling\AppData\Local\Microsoft\WindowsApps;C:\Users\Mayqueling\AppData\Local\Programs\Microsoft VS Code\bin;C:\Users\Mayqueling\.dotnet\tools;C:\Program Files\Azure Data Studio\bin;C:\Users\Mayqueling\AppData\Local\GitHubDesktop\bin;C:\Users\Mayqueling\AppData\Roaming\npm;C:\Users\Mayqueling\AppData\Roaming\nvm;C:\Program Files\nodejs

Yarn version: 
  1.22.15

Node version: 
  14.17.5

Platform: 
  win32 x64

Trace: 
  Error: EPERM: operation not permitted, open 'C:\Users\Mayqueling\Downloads\sistema_gestion\dashboard\node_modules\postcss-normalize\node_modules\.bin\browserslist'

npm manifest: 
  {
    "name": "dashboard",
    "version": "0.1.0",
    "private": true,
    "dependencies": {
      "@testing-library/jest-dom": "^5.16.5",
      "@testing-library/react": "^13.4.0",
      "@testing-library/user-event": "^13.5.0",
      "react": "^18.2.0",
      "react-dom": "^18.2.0",
      "react-scripts": "5.0.1",
      "sass": "^1.57.1",
      "web-vitals": "^2.1.4"
    },
    "scripts": {
      "start": "react-scripts start",
      "build": "react-scripts build",
      "test": "react-scripts test",
      "eject": "react-scripts eject"
    },
    "eslintConfig": {
      "extends": [
        "react-app",
        "react-app/jest"
      ]
    },
    "browserslist": {
      "production": [
        ">0.2%",
        "not dead",
        "not op_mini all"
      ],
      "development": [
        "last 1 chrome version",
        "last 1 firefox version",
        "last 1 safari version"
      ]
    }
  }

yarn manifest: 
  No manifest

Lockfile: 
  No lockfile
